<?xml version="1.0" encoding="UTF-8"?>
<testsuite name="com.creativity.dev.formsimple.ToolsUnitTest" tests="5" skipped="0" failures="0" errors="0" timestamp="2024-01-04T02:00:32" hostname="Joses-MacBook-Pro.local" time="11.058">
  <properties/>
  <testcase name="validateByTag_isCorrect" classname="com.creativity.dev.formsimple.ToolsUnitTest" time="9.812"/>
  <testcase name="updateRows_isCorrect" classname="com.creativity.dev.formsimple.ToolsUnitTest" time="0.469"/>
  <testcase name="validateAll_isCorrect" classname="com.creativity.dev.formsimple.ToolsUnitTest" time="0.375"/>
  <testcase name="resultByTag_isCorrect" classname="com.creativity.dev.formsimple.ToolsUnitTest" time="0.217"/>
  <testcase name="getResultAll_isCorrect" classname="com.creativity.dev.formsimple.ToolsUnitTest" time="0.185"/>
  <system-out><![CDATA[]]></system-out>
  <system-err><![CDATA[No package ID ff found for ID 0xffffff00.
No package ID ff found for ID 0xffffff00.
No package ID ff found for ID 0xffffff00.
No package ID ff found for ID 0xffffff00.
No package ID ff found for ID 0xffffff00.
No package ID ff found for ID 0xffffff00.
No package ID ff found for ID 0xffffff00.
No package ID ff found for ID 0xffffff00.
No package ID ff found for ID 0xffffff00.
No package ID ff found for ID 0xffffff00.
No package ID ff found for ID 0xffffff00.
No package ID ff found for ID 0xffffff00.
No package ID ff found for ID 0xffffff00.
No package ID ff found for ID 0xffffff00.
No package ID ff found for ID 0xffffff00.
No package ID ff found for ID 0xffffff00.
No package ID ff found for ID 0xffffff00.
No package ID ff found for ID 0xffffff00.
No package ID ff found for ID 0xffffff00.
No package ID ff found for ID 0xffffff00.
No package ID ff found for ID 0xffffff00.
No package ID ff found for ID 0xffffff00.
No package ID ff found for ID 0xffffff00.
No package ID ff found for ID 0xffffff00.
No package ID ff found for ID 0xffffff00.
No package ID ff found for ID 0xffffff00.
No package ID ff found for ID 0xffffff00.
No package ID ff found for ID 0xffffff00.
No package ID ff found for ID 0xffffff00.
No package ID ff found for ID 0xffffff00.
No package ID ff found for ID 0xffffff00.
No package ID ff found for ID 0xffffff00.
No package ID ff found for ID 0xffffff00.
No package ID ff found for ID 0xffffff00.
No package ID ff found for ID 0xffffff00.
No package ID ff found for ID 0xffffff00.
No package ID ff found for ID 0xffffff00.
No package ID ff found for ID 0xffffff00.
No package ID ff found for ID 0xffffff00.
No package ID ff found for ID 0xffffff00.
No package ID ff found for ID 0xffffff00.
No package ID ff found for ID 0xffffff00.
No package ID ff found for ID 0xffffff00.
No package ID ff found for ID 0xffffff00.
No package ID ff found for ID 0xffffff00.
No package ID ff found for ID 0xffffff00.
No package ID ff found for ID 0xffffff00.
No package ID ff found for ID 0xffffff00.
No package ID ff found for ID 0xffffff00.
No package ID ff found for ID 0xffffff00.
No package ID ff found for ID 0xffffff00.
No package ID ff found for ID 0xffffff00.
No package ID ff found for ID 0xffffff00.
No package ID ff found for ID 0xffffff00.
No package ID ff found for ID 0xffffff00.
No package ID ff found for ID 0xffffff00.
No package ID ff found for ID 0xffffff00.
No package ID ff found for ID 0xffffff00.
No package ID ff found for ID 0xffffff00.
No package ID ff found for ID 0xffffff00.
No package ID ff found for ID 0xffffff00.
No package ID ff found for ID 0xffffff00.
No package ID ff found for ID 0xffffff00.
No package ID ff found for ID 0xffffff00.
No package ID ff found for ID 0xffffff00.
No package ID ff found for ID 0xffffff00.
No package ID ff found for ID 0xffffff00.
No package ID ff found for ID 0xffffff00.
No package ID ff found for ID 0xffffff00.
No package ID ff found for ID 0xffffff00.
No package ID ff found for ID 0xffffff00.
No package ID ff found for ID 0xffffff00.
No package ID ff found for ID 0xffffff00.
No package ID ff found for ID 0xffffff00.
No package ID ff found for ID 0xffffff00.
No package ID ff found for ID 0xffffff00.
No package ID ff found for ID 0xffffff00.
No package ID ff found for ID 0xffffff00.
No package ID ff found for ID 0xffffff00.
No package ID ff found for ID 0xffffff00.
No package ID ff found for ID 0xffffff00.
No package ID ff found for ID 0xffffff00.
No package ID ff found for ID 0xffffff00.
No package ID ff found for ID 0xffffff00.
No package ID ff found for ID 0xffffff00.
No package ID ff found for ID 0xffffff00.
No package ID ff found for ID 0xffffff00.
No package ID ff found for ID 0xffffff00.
No package ID ff found for ID 0xffffff00.
No package ID ff found for ID 0xffffff00.
No package ID ff found for ID 0xffffff00.
No package ID ff found for ID 0xffffff00.
No package ID ff found for ID 0xffffff00.
No package ID ff found for ID 0xffffff00.
No package ID ff found for ID 0xffffff00.
No package ID ff found for ID 0xffffff00.
No package ID ff found for ID 0xffffff00.
No package ID ff found for ID 0xffffff00.
No package ID ff found for ID 0xffffff00.
No package ID ff found for ID 0xffffff00.
No package ID ff found for ID 0xffffff00.
No package ID ff found for ID 0xffffff00.
No package ID ff found for ID 0xffffff00.
No package ID ff found for ID 0xffffff00.
No package ID ff found for ID 0xffffff00.
No package ID ff found for ID 0xffffff00.
No package ID ff found for ID 0xffffff00.
No package ID ff found for ID 0xffffff00.
No package ID ff found for ID 0xffffff00.
No package ID ff found for ID 0xffffff00.
No package ID ff found for ID 0xffffff00.
No package ID ff found for ID 0xffffff00.
No package ID ff found for ID 0xffffff00.
No package ID ff found for ID 0xffffff00.
No package ID ff found for ID 0xffffff00.
No package ID ff found for ID 0xffffff00.
No package ID ff found for ID 0xffffff00.
No package ID ff found for ID 0xffffff00.
No package ID ff found for ID 0xffffff00.
No package ID ff found for ID 0xffffff00.
]]></system-err>
</testsuite>
