<?xml version="1.0" encoding="UTF-8"?>
<testsuite name="com.creativity.dev.formsimple.ExampleUnitTest" tests="1" skipped="0" failures="0" errors="0" timestamp="2023-12-20T03:42:41" hostname="Joses-MacBook-Pro.local" time="0.003">
  <properties/>
  <testcase name="addition_isCorrect" classname="com.creativity.dev.formsimple.ExampleUnitTest" time="0.003"/>
  <system-out><![CDATA[]]></system-out>
  <system-err><![CDATA[]]></system-err>
</testsuite>
